c:\users\rokas\onedrive\desktop\rc\x64\debug\cppclr_winformsproject2.pch
c:\users\rokas\onedrive\desktop\rc\x64\debug\vc143.pdb
c:\users\rokas\onedrive\desktop\rc\x64\debug\pch.obj
c:\users\rokas\onedrive\desktop\rc\x64\debug\myform5.obj
c:\users\rokas\onedrive\desktop\rc\x64\debug\myform4.obj
c:\users\rokas\onedrive\desktop\rc\x64\debug\form3.obj
c:\users\rokas\onedrive\desktop\rc\x64\debug\form2.obj
c:\users\rokas\onedrive\desktop\rc\x64\debug\form1.obj
c:\users\rokas\onedrive\desktop\rc\x64\debug\cppclr_winformsproject.obj
c:\users\rokas\onedrive\desktop\rc\x64\debug\assemblyinfo.obj
c:\users\rokas\onedrive\desktop\rc\x64\debug\.netframework,version=v4.7.2.assemblyattributes.obj
c:\users\rokas\onedrive\desktop\rc\x64\debug\cppclr_winformsproject2.exe
c:\users\rokas\onedrive\desktop\rc\x64\debug\cppclr_winformsproject2.pdb
c:\users\rokas\onedrive\desktop\rc\x64\debug\app.res
c:\users\rokas\onedrive\desktop\rc\x64\debug\cppclr_winformsproject2.exe.metagen
c:\users\rokas\onedrive\desktop\rc\x64\debug\cppclr_w.d03dc190.tlog\cl.command.1.tlog
c:\users\rokas\onedrive\desktop\rc\x64\debug\cppclr_w.d03dc190.tlog\cl.items.tlog
c:\users\rokas\onedrive\desktop\rc\x64\debug\cppclr_w.d03dc190.tlog\cl.read.1.tlog
c:\users\rokas\onedrive\desktop\rc\x64\debug\cppclr_w.d03dc190.tlog\cl.write.1.tlog
c:\users\rokas\onedrive\desktop\rc\x64\debug\cppclr_w.d03dc190.tlog\link.command.1.tlog
c:\users\rokas\onedrive\desktop\rc\x64\debug\cppclr_w.d03dc190.tlog\link.read.1.tlog
c:\users\rokas\onedrive\desktop\rc\x64\debug\cppclr_w.d03dc190.tlog\link.write.1.tlog
c:\users\rokas\onedrive\desktop\rc\x64\debug\cppclr_w.d03dc190.tlog\metagen.read.1.tlog
c:\users\rokas\onedrive\desktop\rc\x64\debug\cppclr_w.d03dc190.tlog\metagen.write.1.tlog
c:\users\rokas\onedrive\desktop\rc\x64\debug\cppclr_w.d03dc190.tlog\rc.command.1.tlog
c:\users\rokas\onedrive\desktop\rc\x64\debug\cppclr_w.d03dc190.tlog\rc.read.1.tlog
c:\users\rokas\onedrive\desktop\rc\x64\debug\cppclr_w.d03dc190.tlog\rc.write.1.tlog
c:\users\rokas\onedrive\desktop\rc\x64\debug\cppclr_w.d03dc190.tlog\resgen.command.1.tlog
c:\users\rokas\onedrive\desktop\rc\x64\debug\cppclr_w.d03dc190.tlog\resgen.read.1.tlog
c:\users\rokas\onedrive\desktop\rc\x64\debug\cppclr_w.d03dc190.tlog\resgen.write.1.tlog
